{"C:\\Users\\tarun.kolhe\\Defender\\React_NDev\\parcel-react-app\\src\\components\\Aboutus.jsx": {"path":"C:\\Users\\tarun.kolhe\\Defender\\React_NDev\\parcel-react-app\\src\\components\\Aboutus.jsx","statementMap":{"0":{"start":{"line":3,"column":16},"end":{"line":29,"column":1}},"1":{"start":{"line":4,"column":4},"end":{"line":28,"column":5}}},"fnMap":{"0":{"name":"(anonymous_0)","decl":{"start":{"line":3,"column":16},"end":{"line":3,"column":17}},"loc":{"start":{"line":3,"column":22},"end":{"line":29,"column":1}},"line":3}},"branchMap":{},"s":{"0":1,"1":1},"f":{"0":1},"b":{},"_coverageSchema":"1a1c01bbd47fc00a2c39e90264f33305004495a9","hash":"db42cc7e330032c8492c5ad67502b526f5610c78"}
,"C:\\Users\\tarun.kolhe\\Defender\\React_NDev\\parcel-react-app\\src\\components\\sum.js": {"path":"C:\\Users\\tarun.kolhe\\Defender\\React_NDev\\parcel-react-app\\src\\components\\sum.js","statementMap":{"0":{"start":{"line":1,"column":11},"end":{"line":3,"column":1}},"1":{"start":{"line":2,"column":1},"end":{"line":2,"column":12}}},"fnMap":{"0":{"name":"(anonymous_0)","decl":{"start":{"line":1,"column":11},"end":{"line":1,"column":12}},"loc":{"start":{"line":1,"column":18},"end":{"line":3,"column":1}},"line":1}},"branchMap":{},"s":{"0":1,"1":1},"f":{"0":1},"b":{},"_coverageSchema":"1a1c01bbd47fc00a2c39e90264f33305004495a9","hash":"c832313432b3b47d7922aa045d988fc8155a51b6"}
}
